[1117/220213.930:INFO:CONSOLE(0)] "
%cStop!", source:  (0)
[1117/220213.930:INFO:CONSOLE(0)] "
%cThis is a browser feature intended for developers. If someone told you to copy and paste something here to enable a Facebook feature or "hack" someone's account, it is a scam and will give them access to your Facebook account.", source:  (0)
[1117/220213.930:INFO:CONSOLE(0)] "
%cSee https://www.facebook.com/selfxss for more information.", source:  (0)
[1117/220213.931:INFO:CONSOLE(0)] "
%c", source:  (0)
[1117/220220.505:INFO:CONSOLE(0)] "
%cStop!", source:  (0)
[1117/220220.505:INFO:CONSOLE(0)] "
%cThis is a browser feature intended for developers. If someone told you to copy and paste something here to enable a Facebook feature or "hack" someone's account, it is a scam and will give them access to your Facebook account.", source:  (0)
[1117/220220.506:INFO:CONSOLE(0)] "
%cSee https://www.facebook.com/selfxss for more information.", source:  (0)
[1117/220220.506:INFO:CONSOLE(0)] "
%c", source:  (0)
[1117/220226.589:INFO:CONSOLE(0)] "
%cStop!", source:  (0)
[1117/220226.589:INFO:CONSOLE(0)] "
%cThis is a browser feature intended for developers. If someone told you to copy and paste something here to enable a Facebook feature or "hack" someone's account, it is a scam and will give them access to your Facebook account.", source:  (0)
[1117/220226.590:INFO:CONSOLE(0)] "
%cSee https://www.facebook.com/selfxss for more information.", source:  (0)
[1117/220226.590:INFO:CONSOLE(0)] "
%c", source:  (0)
[1117/220231.991:INFO:CONSOLE(0)] "
%cStop!", source:  (0)
[1117/220231.992:INFO:CONSOLE(0)] "
%cThis is a browser feature intended for developers. If someone told you to copy and paste something here to enable a Facebook feature or "hack" someone's account, it is a scam and will give them access to your Facebook account.", source:  (0)
[1117/220231.992:INFO:CONSOLE(0)] "
%cSee https://www.facebook.com/selfxss for more information.", source:  (0)
[1117/220231.992:INFO:CONSOLE(0)] "
%c", source:  (0)
[1117/220237.706:INFO:CONSOLE(0)] "
%cStop!", source:  (0)
[1117/220237.706:INFO:CONSOLE(0)] "
%cThis is a browser feature intended for developers. If someone told you to copy and paste something here to enable a Facebook feature or "hack" someone's account, it is a scam and will give them access to your Facebook account.", source:  (0)
[1117/220237.706:INFO:CONSOLE(0)] "
%cSee https://www.facebook.com/selfxss for more information.", source:  (0)
[1117/220237.707:INFO:CONSOLE(0)] "
%c", source:  (0)
[1117/220242.692:INFO:CONSOLE(0)] "
%cStop!", source:  (0)
[1117/220242.692:INFO:CONSOLE(0)] "
%cThis is a browser feature intended for developers. If someone told you to copy and paste something here to enable a Facebook feature or "hack" someone's account, it is a scam and will give them access to your Facebook account.", source:  (0)
[1117/220242.692:INFO:CONSOLE(0)] "
%cSee https://www.facebook.com/selfxss for more information.", source:  (0)
[1117/220242.692:INFO:CONSOLE(0)] "
%c", source:  (0)
[1117/220247.435:INFO:CONSOLE(0)] "
%cStop!", source:  (0)
[1117/220247.436:INFO:CONSOLE(0)] "
%cThis is a browser feature intended for developers. If someone told you to copy and paste something here to enable a Facebook feature or "hack" someone's account, it is a scam and will give them access to your Facebook account.", source:  (0)
[1117/220247.436:INFO:CONSOLE(0)] "
%cSee https://www.facebook.com/selfxss for more information.", source:  (0)
[1117/220247.436:INFO:CONSOLE(0)] "
%c", source:  (0)
[1117/220252.781:INFO:CONSOLE(0)] "
%cStop!", source:  (0)
[1117/220252.781:INFO:CONSOLE(0)] "
%cThis is a browser feature intended for developers. If someone told you to copy and paste something here to enable a Facebook feature or "hack" someone's account, it is a scam and will give them access to your Facebook account.", source:  (0)
[1117/220252.781:INFO:CONSOLE(0)] "
%cSee https://www.facebook.com/selfxss for more information.", source:  (0)
[1117/220252.782:INFO:CONSOLE(0)] "
%c", source:  (0)
[1117/220253.596:WARNING:spdy_session.cc(3274)] Received WINDOW_UPDATE for invalid stream 165
[1117/220253.761:ERROR:render_media_log.cc(27)] MediaEvent: MEDIA_ERROR_LOG_ENTRY {"error":"FFmpegDemuxer: no supported streams"}
[1117/220253.763:ERROR:render_media_log.cc(27)] MediaEvent: PIPELINE_ERROR DEMUXER_ERROR_NO_SUPPORTED_STREAMS
[1117/220344.926:INFO:CONSOLE(0)] "
%cStop!", source:  (0)
[1117/220344.927:INFO:CONSOLE(0)] "
%cThis is a browser feature intended for developers. If someone told you to copy and paste something here to enable a Facebook feature or "hack" someone's account, it is a scam and will give them access to your Facebook account.", source:  (0)
[1117/220344.927:INFO:CONSOLE(0)] "
%cSee https://www.facebook.com/selfxss for more information.", source:  (0)
[1117/220344.927:INFO:CONSOLE(0)] "
%c", source:  (0)
[1117/220351.169:INFO:CONSOLE(0)] "
%cStop!", source:  (0)
[1117/220351.169:INFO:CONSOLE(0)] "
%cThis is a browser feature intended for developers. If someone told you to copy and paste something here to enable a Facebook feature or "hack" someone's account, it is a scam and will give them access to your Facebook account.", source:  (0)
[1117/220351.170:INFO:CONSOLE(0)] "
%cSee https://www.facebook.com/selfxss for more information.", source:  (0)
[1117/220351.170:INFO:CONSOLE(0)] "
%c", source:  (0)
[1117/220356.353:INFO:CONSOLE(0)] "
%cStop!", source:  (0)
[1117/220356.353:INFO:CONSOLE(0)] "
%cThis is a browser feature intended for developers. If someone told you to copy and paste something here to enable a Facebook feature or "hack" someone's account, it is a scam and will give them access to your Facebook account.", source:  (0)
[1117/220356.354:INFO:CONSOLE(0)] "
%cSee https://www.facebook.com/selfxss for more information.", source:  (0)
[1117/220356.354:INFO:CONSOLE(0)] "
%c", source:  (0)
[1117/220401.631:INFO:CONSOLE(0)] "
%cStop!", source:  (0)
[1117/220401.631:INFO:CONSOLE(0)] "
%cThis is a browser feature intended for developers. If someone told you to copy and paste something here to enable a Facebook feature or "hack" someone's account, it is a scam and will give them access to your Facebook account.", source:  (0)
[1117/220401.632:INFO:CONSOLE(0)] "
%cSee https://www.facebook.com/selfxss for more information.", source:  (0)
[1117/220401.632:INFO:CONSOLE(0)] "
%c", source:  (0)
[1117/220407.822:INFO:CONSOLE(0)] "
%cStop!", source:  (0)
[1117/220407.822:INFO:CONSOLE(0)] "
%cThis is a browser feature intended for developers. If someone told you to copy and paste something here to enable a Facebook feature or "hack" someone's account, it is a scam and will give them access to your Facebook account.", source:  (0)
[1117/220407.823:INFO:CONSOLE(0)] "
%cSee https://www.facebook.com/selfxss for more information.", source:  (0)
[1117/220407.823:INFO:CONSOLE(0)] "
%c", source:  (0)
[1117/220412.799:INFO:CONSOLE(0)] "
%cStop!", source:  (0)
[1117/220412.799:INFO:CONSOLE(0)] "
%cThis is a browser feature intended for developers. If someone told you to copy and paste something here to enable a Facebook feature or "hack" someone's account, it is a scam and will give them access to your Facebook account.", source:  (0)
[1117/220412.800:INFO:CONSOLE(0)] "
%cSee https://www.facebook.com/selfxss for more information.", source:  (0)
[1117/220412.800:INFO:CONSOLE(0)] "
%c", source:  (0)
[1117/220417.585:INFO:CONSOLE(0)] "
%cStop!", source:  (0)
[1117/220417.585:INFO:CONSOLE(0)] "
%cThis is a browser feature intended for developers. If someone told you to copy and paste something here to enable a Facebook feature or "hack" someone's account, it is a scam and will give them access to your Facebook account.", source:  (0)
[1117/220417.586:INFO:CONSOLE(0)] "
%cSee https://www.facebook.com/selfxss for more information.", source:  (0)
[1117/220417.586:INFO:CONSOLE(0)] "
%c", source:  (0)
[1117/220423.076:INFO:CONSOLE(0)] "
%cStop!", source:  (0)
[1117/220423.076:INFO:CONSOLE(0)] "
%cThis is a browser feature intended for developers. If someone told you to copy and paste something here to enable a Facebook feature or "hack" someone's account, it is a scam and will give them access to your Facebook account.", source:  (0)
[1117/220423.077:INFO:CONSOLE(0)] "
%cSee https://www.facebook.com/selfxss for more information.", source:  (0)
[1117/220423.077:INFO:CONSOLE(0)] "
%c", source:  (0)
[1117/220423.768:WARNING:spdy_session.cc(3274)] Received WINDOW_UPDATE for invalid stream 165
[1117/220423.861:ERROR:render_media_log.cc(27)] MediaEvent: MEDIA_ERROR_LOG_ENTRY {"error":"FFmpegDemuxer: no supported streams"}
[1117/220423.862:ERROR:render_media_log.cc(27)] MediaEvent: PIPELINE_ERROR DEMUXER_ERROR_NO_SUPPORTED_STREAMS
[1117/220427.990:INFO:CONSOLE(0)] "
%cStop!", source:  (0)
[1117/220427.990:INFO:CONSOLE(0)] "
%cThis is a browser feature intended for developers. If someone told you to copy and paste something here to enable a Facebook feature or "hack" someone's account, it is a scam and will give them access to your Facebook account.", source:  (0)
[1117/220427.990:INFO:CONSOLE(0)] "
%cSee https://www.facebook.com/selfxss for more information.", source:  (0)
[1117/220427.990:INFO:CONSOLE(0)] "
%c", source:  (0)
[1117/220433.645:INFO:CONSOLE(0)] "
%cStop!", source:  (0)
[1117/220433.645:INFO:CONSOLE(0)] "
%cThis is a browser feature intended for developers. If someone told you to copy and paste something here to enable a Facebook feature or "hack" someone's account, it is a scam and will give them access to your Facebook account.", source:  (0)
[1117/220433.645:INFO:CONSOLE(0)] "
%cSee https://www.facebook.com/selfxss for more information.", source:  (0)
[1117/220433.646:INFO:CONSOLE(0)] "
%c", source:  (0)
[1117/220438.711:INFO:CONSOLE(0)] "
%cStop!", source:  (0)
[1117/220438.711:INFO:CONSOLE(0)] "
%cThis is a browser feature intended for developers. If someone told you to copy and paste something here to enable a Facebook feature or "hack" someone's account, it is a scam and will give them access to your Facebook account.", source:  (0)
[1117/220438.712:INFO:CONSOLE(0)] "
%cSee https://www.facebook.com/selfxss for more information.", source:  (0)
[1117/220438.712:INFO:CONSOLE(0)] "
%c", source:  (0)
